<?xml version="1.0" encoding="UTF-8"?>
<!-- Generated by org.testng.reporters.JUnitReportReporter -->
<testsuite hostname="Prathis-MacBook" name="com.sqa.lp.util.helpers.math.MyMathTests" tests="7" failures="0" timestamp="15 Apr 2016 03:59:55 GMT" time="0.057" errors="0">
  <testcase name="testPowerNumbers" time="0.002" classname="com.sqa.lp.util.helpers.math.MyMathTests"/>
  <testcase name="testPowerNumbers" time="0.002" classname="com.sqa.lp.util.helpers.math.MyMathTests"/>
  <testcase name="testPowerNumbers" time="0.006" classname="com.sqa.lp.util.helpers.math.MyMathTests"/>
  <testcase name="testPowerNumbers" time="0.002" classname="com.sqa.lp.util.helpers.math.MyMathTests"/>
  <testcase name="testMyMathClass" time="0.039" classname="com.sqa.lp.util.helpers.math.MyMathTests"/>
  <testcase name="testPowerNumbers" time="0.002" classname="com.sqa.lp.util.helpers.math.MyMathTests"/>
  <testcase name="testPowerNumbers" time="0.004" classname="com.sqa.lp.util.helpers.math.MyMathTests"/>
</testsuite> <!-- com.sqa.lp.util.helpers.math.MyMathTests -->
