<?xml version="1.0" encoding="UTF-8"?>
<!-- Generated by org.testng.reporters.JUnitReportReporter -->
<testsuite hostname="Prathis-MacBook" name="com.sqa.lp.util.helpers.math.MultiplicationTests" tests="6" failures="0" timestamp="15 Apr 2016 04:09:05 GMT" time="0.074" errors="0">
  <testcase name="testMultNumbers" time="0.058" classname="com.sqa.lp.util.helpers.math.MultiplicationTests"/>
  <testcase name="testMultNumbers" time="0.004" classname="com.sqa.lp.util.helpers.math.MultiplicationTests"/>
  <testcase name="testMultNumbers" time="0.002" classname="com.sqa.lp.util.helpers.math.MultiplicationTests"/>
  <testcase name="testMultNumbers" time="0.002" classname="com.sqa.lp.util.helpers.math.MultiplicationTests"/>
  <testcase name="testMultNumbers" time="0.005" classname="com.sqa.lp.util.helpers.math.MultiplicationTests"/>
  <testcase name="testMultNumbers" time="0.003" classname="com.sqa.lp.util.helpers.math.MultiplicationTests"/>
</testsuite> <!-- com.sqa.lp.util.helpers.math.MultiplicationTests -->
